SUMMARY OF C0NVERGENCE INFORMATION
  STEP   INC  ATT   ITER     CONT.   RESID.        CORR.      RESID.      CORR.
                              EL.    FORCE         DISP       FLUX        TEMP.
                              (#)     (%)           (%)        (%)         (%)
     1     1     1     1        0  0.9389E+02  0.1000E+03  0.0000E+00  0.0000E+00
     1     1     1     2        0  0.2110E+00  0.1445E+00  0.0000E+00  0.0000E+00
     1     2     1     1        0  0.1243E+03  0.6746E+02  0.0000E+00  0.0000E+00
     1     2     1     2        0  0.2491E+00  0.1309E+00  0.0000E+00  0.0000E+00
     1     3     1     1        0  0.3724E+01  0.3834E+01  0.0000E+00  0.0000E+00
     1     3     1     2        0  0.9750E-02  0.7369E-01  0.0000E+00  0.0000E+00
     1     4     1     1        0  0.4465E+01  0.4661E+01  0.0000E+00  0.0000E+00
     1     4     1     2        0  0.1151E-01  0.1756E-01  0.0000E+00  0.0000E+00
     1     5     1     1        0  0.4490E+01  0.3339E+01  0.0000E+00  0.0000E+00
     1     5     1     2        0  0.1079E-01  0.9682E-01  0.0000E+00  0.0000E+00
     1     6     1     1        0  0.4886E+01  0.2941E+01  0.0000E+00  0.0000E+00
     1     6     1     2        0  0.1143E-01  0.2572E-01  0.0000E+00  0.0000E+00
     1     7     1     1        0  0.4924E+01  0.9104E+01  0.0000E+00  0.0000E+00
     1     7     1     2        0  0.1116E-01  0.1010E+00  0.0000E+00  0.0000E+00
     1     8     1     1        0  0.5028E+01  0.4877E+02  0.0000E+00  0.0000E+00
     1     8     1     2        0  0.1150E-01  0.1214E+00  0.0000E+00  0.0000E+00
     1     9     1     1        0  0.5356E+01  0.4219E+01  0.0000E+00  0.0000E+00
     1     9     1     2        0  0.2242E-01  0.1480E-01  0.0000E+00  0.0000E+00
     1    10     1     1        0  0.1079E+02  0.1846E+01  0.0000E+00  0.0000E+00
     1    10     1     2        0  0.9038E-01  0.1370E-01  0.0000E+00  0.0000E+00
