SUMMARY OF C0NVERGENCE INFORMATION
  STEP   INC  ATT   ITER     CONT.   RESID.        CORR.      RESID.      CORR.
                              EL.    FORCE         DISP       FLUX        TEMP.
                              (#)     (%)           (%)        (%)         (%)
     1     1     1     1        0  0.3362E+03  0.1000E+03  0.0000E+00  0.0000E+00
     1     1     1     2        0  0.1213E+01  0.3418E+00  0.0000E+00  0.0000E+00
     1     1     1     3        0  0.3643E-02  0.1015E-02  0.0000E+00  0.0000E+00
     1     2     1     1        0  0.3651E+03  0.1000E+03  0.0000E+00  0.0000E+00
     1     2     1     2        0  0.1231E+01  0.3194E+00  0.0000E+00  0.0000E+00
     1     2     1     3        0  0.3627E-02  0.9110E-03  0.0000E+00  0.0000E+00
     1     3     1     1        0  0.3157E+01  0.7601E+01  0.0000E+00  0.0000E+00
     1     3     1     2        0  0.8344E-02  0.2713E-01  0.0000E+00  0.0000E+00
     1     4     1     1        0  0.2903E+01  0.8494E+01  0.0000E+00  0.0000E+00
     1     4     1     2        0  0.6747E-02  0.2629E-01  0.0000E+00  0.0000E+00
     1     5     1     1        0  0.2642E+01  0.9459E+01  0.0000E+00  0.0000E+00
     1     5     1     2        0  0.5664E-02  0.2521E-01  0.0000E+00  0.0000E+00
     1     6     1     1        0  0.2359E+01  0.1027E+02  0.0000E+00  0.0000E+00
     1     6     1     2        0  0.4835E-02  0.2291E-01  0.0000E+00  0.0000E+00
     1     7     1     1        0  0.2037E+01  0.1105E+02  0.0000E+00  0.0000E+00
     1     7     1     2        0  0.4033E-02  0.1994E-01  0.0000E+00  0.0000E+00
     1     8     1     1        0  0.1655E+01  0.1193E+02  0.0000E+00  0.0000E+00
     1     8     1     2        0  0.3247E-02  0.1640E-01  0.0000E+00  0.0000E+00
     1     9     1     1        0  0.1409E+01  0.1292E+02  0.0000E+00  0.0000E+00
     1     9     1     2        0  0.2471E-02  0.1212E-01  0.0000E+00  0.0000E+00
     1    10     1     1        0  0.1170E+01  0.1405E+02  0.0000E+00  0.0000E+00
     1    10     1     2        0  0.1734E-02  0.8370E-02  0.0000E+00  0.0000E+00
     1    11     1     1        0  0.9138E+00  0.1536E+02  0.0000E+00  0.0000E+00
     1    11     1     2        0  0.1635E-02  0.6528E-02  0.0000E+00  0.0000E+00
     1    12     1     1        0  0.8132E+00  0.1670E+02  0.0000E+00  0.0000E+00
     1    12     1     2        0  0.1510E-02  0.7637E-02  0.0000E+00  0.0000E+00
     1    13     1     1        0  0.1603E+01  0.1734E+02  0.0000E+00  0.0000E+00
     1    13     1     2        0  0.1566E-02  0.1673E-01  0.0000E+00  0.0000E+00
     1    14     1     1        0  0.2385E+01  0.1753E+02  0.0000E+00  0.0000E+00
     1    14     1     2        0  0.3346E-02  0.2629E-01  0.0000E+00  0.0000E+00
     1    15     1     1        0  0.3115E+01  0.1735E+02  0.0000E+00  0.0000E+00
     1    15     1     2        0  0.5790E-02  0.3582E-01  0.0000E+00  0.0000E+00
     1    16     1     1        0  0.3765E+01  0.1716E+02  0.0000E+00  0.0000E+00
     1    16     1     2        0  0.8832E-02  0.4569E-01  0.0000E+00  0.0000E+00
     1    17     1     1        0  0.4322E+01  0.1681E+02  0.0000E+00  0.0000E+00
     1    17     1     2        0  0.1238E-01  0.5537E-01  0.0000E+00  0.0000E+00
     1    18     1     1        0  0.4783E+01  0.1639E+02  0.0000E+00  0.0000E+00
     1    18     1     2        0  0.1641E-01  0.6487E-01  0.0000E+00  0.0000E+00
     1    19     1     1        0  0.5151E+01  0.1598E+02  0.0000E+00  0.0000E+00
     1    19     1     2        0  0.2093E-01  0.7442E-01  0.0000E+00  0.0000E+00
     1    20     1     1        0  0.5429E+01  0.1552E+02  0.0000E+00  0.0000E+00
     1    20     1     2        0  0.2572E-01  0.8362E-01  0.0000E+00  0.0000E+00
     1    21     1     1        0  0.5621E+01  0.1500E+02  0.0000E+00  0.0000E+00
     1    21     1     2        0  0.3062E-01  0.9217E-01  0.0000E+00  0.0000E+00
     1    22     1     1        0  0.5730E+01  0.1436E+02  0.0000E+00  0.0000E+00
     1    22     1     2        0  0.3546E-01  0.9932E-01  0.0000E+00  0.0000E+00
     1    23     1     1        0  0.5755E+01  0.1260E+02  0.0000E+00  0.0000E+00
     1    23     1     2        0  0.3996E-01  0.9688E-01  0.0000E+00  0.0000E+00
     1    24     1     1        0  0.5693E+01  0.1120E+02  0.0000E+00  0.0000E+00
     1    24     1     2        0  0.4383E-01  0.9471E-01  0.0000E+00  0.0000E+00
     1    25     1     1        0  0.5542E+01  0.1007E+02  0.0000E+00  0.0000E+00
     1    25     1     2        0  0.4666E-01  0.9245E-01  0.0000E+00  0.0000E+00
     1    26     1     1        0  0.5296E+01  0.9133E+01  0.0000E+00  0.0000E+00
     1    26     1     2        0  0.4803E-01  0.8978E-01  0.0000E+00  0.0000E+00
     1    27     1     1        0  0.4954E+01  0.8328E+01  0.0000E+00  0.0000E+00
     1    27     1     2        0  0.4753E-01  0.8640E-01  0.0000E+00  0.0000E+00
     1    28     1     1        0  0.4516E+01  0.7622E+01  0.0000E+00  0.0000E+00
     1    28     1     2        0  0.4481E-01  0.8201E-01  0.0000E+00  0.0000E+00
     1    29     1     1        0  0.3985E+01  0.6988E+01  0.0000E+00  0.0000E+00
     1    29     1     2        0  0.3978E-01  0.7636E-01  0.0000E+00  0.0000E+00
     1    30     1     1        0  0.3373E+01  0.6403E+01  0.0000E+00  0.0000E+00
     1    30     1     2        0  0.3315E-01  0.6918E-01  0.0000E+00  0.0000E+00
