SUMMARY OF C0NVERGENCE INFORMATION
  STEP   INC  ATT   ITER     CONT.   RESID.        CORR.      RESID.      CORR.
                              EL.    FORCE         DISP       FLUX        TEMP.
                              (#)     (%)           (%)        (%)         (%)
     1     1     1     1        0  0.3224E+03  0.1000E+03  0.0000E+00  0.0000E+00
     1     1     1     2        0  0.1273E+01  0.3428E+00  0.0000E+00  0.0000E+00
     1     1     1     3        0  0.3822E-02  0.1009E-02  0.0000E+00  0.0000E+00
     1     2     1     1        0  0.3688E+03  0.1000E+03  0.0000E+00  0.0000E+00
     1     2     1     2        0  0.1279E+01  0.3194E+00  0.0000E+00  0.0000E+00
     1     2     1     3        0  0.3772E-02  0.9067E-03  0.0000E+00  0.0000E+00
     1     3     1     1        0  0.2802E+01  0.7328E+01  0.0000E+00  0.0000E+00
     1     3     1     2        0  0.8642E-02  0.2585E-01  0.0000E+00  0.0000E+00
     1     4     1     1        0  0.2619E+01  0.8056E+01  0.0000E+00  0.0000E+00
     1     4     1     2        0  0.7312E-02  0.2519E-01  0.0000E+00  0.0000E+00
     1     5     1     1        0  0.2472E+01  0.8841E+01  0.0000E+00  0.0000E+00
     1     5     1     2        0  0.6205E-02  0.2397E-01  0.0000E+00  0.0000E+00
     1     6     1     1        0  0.2316E+01  0.9506E+01  0.0000E+00  0.0000E+00
     1     6     1     2        0  0.5161E-02  0.2181E-01  0.0000E+00  0.0000E+00
     1     7     1     1        0  0.2141E+01  0.1024E+02  0.0000E+00  0.0000E+00
     1     7     1     2        0  0.4154E-02  0.1926E-01  0.0000E+00  0.0000E+00
     1     8     1     1        0  0.1935E+01  0.1107E+02  0.0000E+00  0.0000E+00
     1     8     1     2        0  0.3194E-02  0.1628E-01  0.0000E+00  0.0000E+00
     1     9     1     1        0  0.1682E+01  0.1200E+02  0.0000E+00  0.0000E+00
     1     9     1     2        0  0.2600E-02  0.1283E-01  0.0000E+00  0.0000E+00
     1    10     1     1        0  0.1358E+01  0.1308E+02  0.0000E+00  0.0000E+00
     1    10     1     2        0  0.2209E-02  0.8618E-02  0.0000E+00  0.0000E+00
     1    11     1     1        0  0.1195E+01  0.1433E+02  0.0000E+00  0.0000E+00
     1    11     1     2        0  0.1797E-02  0.5863E-02  0.0000E+00  0.0000E+00
     1    12     1     1        0  0.1053E+01  0.1580E+02  0.0000E+00  0.0000E+00
     1    12     1     2        0  0.1385E-02  0.5630E-02  0.0000E+00  0.0000E+00
     1    13     1     1        0  0.1043E+01  0.1664E+02  0.0000E+00  0.0000E+00
     1    13     1     2        0  0.1186E-02  0.1258E-01  0.0000E+00  0.0000E+00
     1    14     1     1        0  0.1400E+01  0.1734E+02  0.0000E+00  0.0000E+00
     1    14     1     2        0  0.1461E-02  0.2173E-01  0.0000E+00  0.0000E+00
     1    15     1     1        0  0.1931E+01  0.1758E+02  0.0000E+00  0.0000E+00
     1    15     1     2        0  0.2930E-02  0.3117E-01  0.0000E+00  0.0000E+00
     1    16     1     1        0  0.2411E+01  0.1754E+02  0.0000E+00  0.0000E+00
     1    16     1     2        0  0.4867E-02  0.4070E-01  0.0000E+00  0.0000E+00
     1    17     1     1        0  0.2829E+01  0.1749E+02  0.0000E+00  0.0000E+00
     1    17     1     2        0  0.7206E-02  0.5066E-01  0.0000E+00  0.0000E+00
     1    18     1     1        0  0.3184E+01  0.1743E+02  0.0000E+00  0.0000E+00
     1    18     1     2        0  0.9873E-02  0.6104E-01  0.0000E+00  0.0000E+00
     1    19     1     1        0  0.3477E+01  0.1737E+02  0.0000E+00  0.0000E+00
     1    19     1     2        0  0.1280E-01  0.7185E-01  0.0000E+00  0.0000E+00
     1    20     1     1        0  0.3712E+01  0.1730E+02  0.0000E+00  0.0000E+00
     1    20     1     2        0  0.1590E-01  0.8305E-01  0.0000E+00  0.0000E+00
     1    21     1     1        0  0.3892E+01  0.1710E+02  0.0000E+00  0.0000E+00
     1    21     1     2        0  0.1912E-01  0.9385E-01  0.0000E+00  0.0000E+00
     1    22     1     1        0  0.4021E+01  0.1558E+02  0.0000E+00  0.0000E+00
     1    22     1     2        0  0.2235E-01  0.9664E-01  0.0000E+00  0.0000E+00
     1    23     1     1        0  0.4099E+01  0.1355E+02  0.0000E+00  0.0000E+00
     1    23     1     2        0  0.2550E-01  0.9390E-01  0.0000E+00  0.0000E+00
     1    24     1     1        0  0.4127E+01  0.1198E+02  0.0000E+00  0.0000E+00
     1    24     1     2        0  0.2842E-01  0.9186E-01  0.0000E+00  0.0000E+00
     1    25     1     1        0  0.4103E+01  0.1074E+02  0.0000E+00  0.0000E+00
     1    25     1     2        0  0.3097E-01  0.9012E-01  0.0000E+00  0.0000E+00
     1    26     1     1        0  0.4023E+01  0.9726E+01  0.0000E+00  0.0000E+00
     1    26     1     2        0  0.3296E-01  0.8840E-01  0.0000E+00  0.0000E+00
     1    27     1     1        0  0.3885E+01  0.8879E+01  0.0000E+00  0.0000E+00
     1    27     1     2        0  0.3419E-01  0.8645E-01  0.0000E+00  0.0000E+00
     1    28     1     1        0  0.3685E+01  0.8159E+01  0.0000E+00  0.0000E+00
     1    28     1     2        0  0.3444E-01  0.8403E-01  0.0000E+00  0.0000E+00
     1    29     1     1        0  0.3421E+01  0.7534E+01  0.0000E+00  0.0000E+00
     1    29     1     2        0  0.3354E-01  0.8092E-01  0.0000E+00  0.0000E+00
     1    30     1     1        0  0.3093E+01  0.6984E+01  0.0000E+00  0.0000E+00
     1    30     1     2        0  0.3136E-01  0.7686E-01  0.0000E+00  0.0000E+00
